krestnol/Game/app/build/outputs/mapping/release/mapping.txt
# compiler: R8
# compiler_version: 1.5.64
# min_api: 14
# pg_map_id: 0ec8112
com.unaev.tictac.Main -> com.unaev.tictac.Main:
    android.animation.AnimatorSet anim -> g
    int screen_width -> n
    java.lang.Runnable show_main -> u
    java.lang.Runnable computer_go -> t
    int snd_click -> l
    int snd_win -> m
    boolean single_game -> i
    android.media.SoundPool sndpool -> k
    boolean comp_first -> j
    int num_pressed -> c
    com.google.android.gms.ads.AdRequest adRequest -> s
    java.util.List cells -> f
    com.google.android.gms.ads.AdView adMobBanner -> q
    android.content.SharedPreferences sp -> a
    int[] cells_values -> e
    com.google.android.gms.ads.InterstitialAd adMobInterstitial -> r
    android.media.MediaPlayer mp -> o
    boolean player1 -> b
    int num_games -> p
    boolean isForeground -> d
    void CELL_CLICK(android.view.View) -> a
    float DpToPx(float) -> a
    java.lang.String MD5(java.lang.String) -> a
    void SCALE() -> a
    void STOP(int) -> a
    void show_animation(int[]) -> a
    void START() -> b
    boolean check_winner(int) -> b
    void adMob() -> c
    int best_go() -> d
    void hide_navigation_bar() -> e
com.unaev.tictac.Main$1 -> com.unaev.tictac.a:
    com.unaev.tictac.Main this$0 -> a
com.unaev.tictac.Main$2 -> com.unaev.tictac.b:
    com.unaev.tictac.Main this$0 -> a
com.unaev.tictac.Main$3 -> com.unaev.tictac.c:
    com.unaev.tictac.Main this$0 -> a
com.unaev.tictac.Main$4 -> com.unaev.tictac.d:
    com.unaev.tictac.Main this$0 -> a
com.unaev.tictac.Main$5 -> com.unaev.tictac.e:
    com.unaev.tictac.Main this$0 -> a
...
com.google.android.gms.internal.ads.zzbev -> com.google.android.gms.internal.ads.ed:
    com.google.android.gms.internal.ads.zzdwo zzejy -> a
com.google.android.gms.internal.ads.zzbew -> com.google.android.gms.internal.ads.fd:
    com.google.android.gms.internal.ads.zzbew zzejz -> a
    com.google.android.gms.internal.ads.zzbew zzabt() -> a
com.google.android.gms.internal.ads.zzbex -> com.google.android.gms.internal.ads.gd:
    1:1:void com.google.android.gms.internal.ads.zzbfx$zza.<init>():0:0 -> <init>
    1:1:void <init>():0 -> <init>
    com.google.android.gms.internal.ads.zzbbf zzabu() -> a
    com.google.android.gms.internal.ads.zzask zzabx() -> b
com.google.android.gms.internal.ads.zzbey -> com.google.android.gms.internal.ads.hd:
    com.google.android.gms.internal.ads.zzbey zzeka -> a
    com.google.android.gms.internal.ads.zzbey zzaby() -> a
com.google.android.gms.internal.ads.zzbez -> com.google.android.gms.internal.ads.id:
com.google.android.gms.internal.ads.zzbf -> com.google.android.gms.internal.ads.jd:
    void zzg(java.nio.ByteBuffer) -> a
com.google.android.gms.internal.ads.zzbfa -> com.google.android.gms.internal.ads.kd:
    com.google.android.gms.internal.ads.zzdwo zzekz -> z
    com.google.android.gms.internal.ads.zzdwo zzejx -> v
    com.google.android.gms.internal.ads.zzdwo zzekx -> x
    com.google.android.gms.internal.ads.zzdwo zzelb -> B
    com.google.android.gms.internal.ads.zzdwo zzekc -> c
    com.google.android.gms.internal.ads.zzdwo zzeld -> D
    com.google.android.gms.internal.ads.zzdwo zzeke -> e
    com.google.android.gms.internal.ads.zzdwo zzelj -> J
    com.google.android.gms.internal.ads.zzdwo zzekk -> k
    com.google.android.gms.internal.ads.zzdwo zzell -> L
    com.google.android.gms.internal.ads.zzdwo zzekm -> m
    com.google.android.gms.internal.ads.zzdwo zzelf -> F
    com.google.android.gms.internal.ads.zzdwo zzekg -> g
    com.google.android.gms.internal.ads.zzdwo zzelh -> H
    com.google.android.gms.internal.ads.zzdwo zzeki -> i
    com.google.android.gms.internal.ads.zzdwo zzeks -> s
    com.google.android.gms.internal.ads.zzbel zzekb -> b
    com.google.android.gms.internal.ads.zzdwo zzeku -> u
    com.google.android.gms.internal.ads.zzdwo zzeln -> N
    com.google.android.gms.internal.ads.zzdwo zzeko -> o
    com.google.android.gms.internal.ads.zzdwo zzekq -> q
    com.google.android.gms.internal.ads.zzdwo zzekw -> w
    com.google.android.gms.internal.ads.zzdwo zzeky -> y
    com.google.android.gms.internal.ads.zzdwo zzelc -> C
com.google.android.gms.internal.ads.zzbfb -> com.google.android.gms.internal.ads.ld:
    com.google.android.gms.internal.ads.zzdwo zzemn -> z
    com.google.android.gms.internal.ads.zzdwo zzeol -> z0
    com.google.android.gms.internal.ads.zzdwo zzerk -> Z1
    com.google.android.gms.internal.ads.zzdwo zzeoh -> v0
    com.google.android.gms.internal.ads.zzdwo zzerg -> V1
    com.google.android.gms.internal.ads.zzdwo zzenk -> Y
    com.google.android.gms.internal.ads.zzdwo zzeod -> r0
    com.google.android.gms.internal.ads.zzdwo zzerc -> R1
    com.google.android.gms.internal.ads.zzdwo zzenz -> n0
    com.google.android.gms.internal.ads.zzdwo zzeqy -> N1
    com.google.android.gms.internal.ads.zzdwo zzenv -> j0
    com.google.android.gms.internal.ads.zzdwo zzequ -> J1
    com.google.android.gms.internal.ads.zzdwo zzemu -> H
    com.google.android.gms.internal.ads.zzdwo zzeqq -> F1
    com.google.android.gms.internal.ads.zzdwo zzelw -> i
    com.google.android.gms.internal.ads.zzdwo zzenr -> f0
    com.google.android.gms.internal.ads.zzdwo zzeqm -> B1
    com.google.android.gms.internal.ads.zzdwo zzern -> c2
    com.google.android.gms.internal.ads.zzdwo zzenn -> b0
    com.google.android.gms.internal.ads.zzdwo zzenc -> P
    com.google.android.gms.internal.ads.zzdwo zzeme -> q
    com.google.android.gms.internal.ads.zzdwo zzenl -> Z
    com.google.android.gms.internal.ads.zzdwo zzepk -> Y0
    com.google.android.gms.internal.ads.zzdwo zzeqk -> z1